2021-01-20 16:03:41 =/=/=/=/=/=/=/=/=/=/=/=/=/=/=/=/=/=/=/=/=/=/=/=/=/=/=/=/=/=/=/=/=/=/=/=/=/=/=/=/
2021-01-20 16:03:41 Старт
2021-01-20 16:03:41 Подготовка к работе: 2021/01/20 16:03:41
2021-01-20 16:03:48 Всего подготовка: 7 сек.
2021-01-20 16:03:48 =====================
2021-01-20 16:03:48 ====================
2021-01-20 16:03:48 Старт : gmc  2021/01/20 16:03:48
2021-01-20 16:03:51 Всего скрипт работал: 3 сек.
2021-01-20 16:03:51 end.
2021-01-20 16:03:51 =====================
2021-01-20 16:03:51 ====================
2021-01-20 16:03:51 Старт : yamarket  2021/01/20 16:03:51
2021-01-20 16:04:07 Всего скрипт работал: 16 сек.
2021-01-20 16:04:07 end.
2021-01-20 16:04:07 =====================
2021-01-20 16:04:07 ====================
2021-01-20 16:04:07 Старт : categoryapi  2021/01/20 16:04:07
2021-01-20 16:04:10 Всего скрипт работал: 3 сек.
2021-01-20 16:04:10 end.
2021-01-20 16:04:10 =====================
2021-01-20 16:04:10 ====================
2021-01-20 16:04:10 Старт : click_collect  2021/01/20 16:04:10
2021-01-20 16:04:10 Всего скрипт работал: 0 сек.
2021-01-20 16:04:10 end.
2021-01-20 16:04:10 =====================
2021-01-20 16:04:10 ====================
2021-01-20 16:04:10 Старт : exponea_2  2021/01/20 16:04:10
2021-01-20 16:04:11 Всего скрипт работал: 1 сек.
2021-01-20 16:04:11 end.
2021-01-20 16:04:11 =====================
2021-01-20 16:04:11 ====================
2021-01-20 16:04:11 Старт : imshop  2021/01/20 16:04:11
2021-01-20 16:04:19 Всего скрипт работал: 8 сек.
2021-01-20 16:04:19 end.
2021-01-20 16:04:19 =====================
2021-01-20 16:04:19 ====================
2021-01-20 16:04:19 Старт : superfeed  2021/01/20 16:04:19
2021-01-20 16:04:21 Всего скрипт работал: 2 сек.
2021-01-20 16:04:21 end.
2021-01-20 16:04:21 =====================
2021-01-20 16:04:21 Всего фиды работали: 40 сек.
2021-01-20 16:04:21 end.
2021-01-20 16:04:21 =/=/=/=/=/=/=/=/=/=/=/=/=/=/=/=/=/=/=/=/=/=/=/=/=/=/=/=/=/=/=/=/=/=/=/=/=/=/=/=/
